Plugin v0.0.1 running on KiCad 7.0.7 and Python 3.9.13 (v3.9.13:6de2ca5339, May 17 2022, 11:37:23) 
[Clang 13.0.0 (clang-1300.0.29.30)] on darwin.
Config file /Users/electron_rare/Documents/Lelectron_rare/KXKM/contact/led teensy/PCB/PCB.kicad_pcb.hierpcb.json not found. Creating new one.
Imported /Users/electron_rare/Documents/Lelectron_rare/KXKM/contact/led teensy/PCB/PCB.kicad_pcb, with 117 footprints, 2188 tracks, and 1 drawings.
 (+ PCB /Users/electron_rare/Documents/Lelectron_rare/KXKM/contact/led teensy/PCB/PCB.kicad_pcb)
├─ LED_R 1 to 11
├─ LED_R 1 to 8
├─ LED_R 1 to 10
├─ LED_R 1 to 9
PCB /Users/electron_rare/Documents/Lelectron_rare/KXKM/contact/led teensy/PCB/PCB.kicad_pcb
  /886dbc17/fec361cf: JP1
  /911a00ed/47888b13: J34
  /911a00ed/fdbc3151: U8
  /886dbc17/10ea0fdf: R17
  /c2041d38/b281fa79: R8
  /877e49db: J4
  /c2041d38/8bb542c3: JP11
  /c2041d38/0e796cc6: R3
  /886dbc17/94da229f: J10
  /886dbc17/84998caa: R29
  /886dbc17/0560bf9f: JP19
  /886dbc17/5bd25267: C2
  /911a00ed/dba639c1: R23
  /09cfe6e4/d6316a9d: J13
  /c2041d38/b6631027: J24
  /886dbc17/36923494: R25
  /886dbc17/d6316a9d: J8
  /911a00ed/0560bf9f: JP31
  /886dbc17/8be82422: JP20
  /09cfe6e4/c501da27: J27
  /09cfe6e4/94da229f: J22
  /911a00ed/36923494: R31
  /c2041d38/c501da27: J23
  /911a00ed/b6631027: J33
  /911a00ed/fec361cf: JP4
  /94e90ce5: J2
  /911a00ed/28e204cd: R26
  /886dbc17/a21a3c26: JP5
  /c2041d38/a21a3c26: JP6
  /09cfe6e4/0560bf9f: JP27
  /c2041d38/324ca734: JP22
  /09cfe6e4/b6631027: J28
  /911a00ed/8bb542c3: JP15
  /886dbc17/ef0b4cf3: U7
  /09cfe6e4/a21a3c26: JP7
  /911a00ed/5bd25267: C9
  /c2041d38/b4e1efff: J21
  /886dbc17/dba639c1: R1
  /911a00ed/b281fa79: R30
  /886dbc17/28e204cd: R9
  /886dbc17/13562c97: JP10
  /09cfe6e4/b4e1efff: J26
  /09cfe6e4/0e796cc6: R14
  /09cfe6e4/e49aece4: J14
  /09cfe6e4/ef0b4cf3: U6
  /911a00ed/94da229f: J30
  /886dbc17/324ca734: JP18
  /911a00ed/e49aece4: J16
  /09cfe6e4/10ea0fdf: R18
  /c2041d38/9a6c7a66: J3
  /e07c6cf8: P1
  /c2041d38/fdbc3151: U2
  /09cfe6e4/8bb542c3: JP13
  /09cfe6e4/47888b13: J29
  /09cfe6e4/28e204cd: R15
  /c2041d38/2cce730b: JP21
  /911a00ed/84998caa: R32
  /09cfe6e4/dba639c1: R12
  /911a00ed/a21a3c26: JP8
  /09cfe6e4/324ca734: JP26
  /c2041d38/84998caa: R11
  /c2041d38/e49aece4: J12
  /09cfe6e4/5bd25267: C7
  /c2041d38/94da229f: J7
  /09cfe6e4/2cce730b: JP25
  /886dbc17/8bb542c3: JP9
  /c2041d38/ef0b4cf3: U4
  /886dbc17/0e796cc6: R5
  /09cfe6e4/b281fa79: R19
  /c2041d38/3507b2b2: R6
  /09cfe6e4/84998caa: R22
  /886dbc17/b6631027: J19
  /09cfe6e4/fec361cf: JP3
  /f3c43c4f: C1
  /911a00ed/0e796cc6: R24
  /09cfe6e4/9a6c7a66: J5
  /911a00ed/b4e1efff: J31
  /c2041d38/fec361cf: JP2
  /c2041d38/10ea0fdf: R7
  /911a00ed/b8a9e705: C8
  /911a00ed/3507b2b2: R27
  /911a00ed/10ea0fdf: R28
  /886dbc17/2cce730b: JP17
  /886dbc17/47888b13: J20
  /886dbc17/c501da27: J18
  /911a00ed/2cce730b: JP29
  /c2041d38/47888b13: J25
  /911a00ed/324ca734: JP30
  /911a00ed/13562c97: JP16
  /c2041d38/d6316a9d: J11
  /c2041d38/13562c97: JP12
  /09cfe6e4/8be82422: JP28
  /13287d72: U1
  /c2041d38/0560bf9f: JP23
  /09cfe6e4/3507b2b2: R16
  /c2041d38/5bd25267: C4
  /09cfe6e4/36923494: R20
  /886dbc17/b8a9e705: C6
  /c2041d38/8be82422: JP24
  /09cfe6e4/fdbc3151: U5
  /c2041d38/b8a9e705: C3
  /911a00ed/d6316a9d: J15
  /c2041d38/36923494: R10
  /886dbc17/9a6c7a66: J1
  /c2041d38/28e204cd: R4
  /911a00ed/9a6c7a66: J6
  /886dbc17/e49aece4: J9
  /c2041d38/dba639c1: R2
  /911a00ed/8be82422: JP32
  /886dbc17/b281fa79: R21
  /911a00ed/c501da27: J32
  /911a00ed/ef0b4cf3: U9
  /886dbc17/3507b2b2: R13
  /09cfe6e4/13562c97: JP14
  /886dbc17/fdbc3151: U3
  /09cfe6e4/b8a9e705: C5
  /886dbc17/b4e1efff: J17
