02-17 15:48:26 com_github_MitjaNemec_ReplicateLayout.action_replicate_layout 400:Plugin executed on: 'darwin'
02-17 15:48:26 com_github_MitjaNemec_ReplicateLayout.action_replicate_layout 401:Plugin executed with python version: '3.9.13 (v3.9.13:6de2ca5339, May 17 2022, 11:37:23) \n[Clang 13.0.0 (clang-1300.0.29.30)]'
02-17 15:48:26 com_github_MitjaNemec_ReplicateLayout.action_replicate_layout 402:KiCad build version: 7.0.7
02-17 15:48:26 com_github_MitjaNemec_ReplicateLayout.action_replicate_layout 403:Plugin version: 2.1.0
02-17 15:48:26 com_github_MitjaNemec_ReplicateLayout.action_replicate_layout 404:Frame repr: <wx._core.Frame object at 0x17f5ebd30>
02-17 15:48:26 com_github_MitjaNemec_ReplicateLayout.action_replicate_layout 428:Preparing replicator with J5 as a reference
02-17 15:48:26 com_github_MitjaNemec_ReplicateLayout.replicate_layout 116:getting a list of all footprints on board
02-17 15:48:26 com_github_MitjaNemec_ReplicateLayout.action_replicate_layout 476:source anchor footprint is 'J5'
Located on: ['LED_R 1 to 11']
With filenames: ['LED_REGISTER.kicad_sch']
With sheet_id:['LED_R 1 to 11']
02-17 15:48:26 com_github_MitjaNemec_ReplicateLayout.action_replicate_layout 483:Corresponding footprints are 
[('J6', ['LED_R 1 to 10']), ('J3', ['LED_R 1 to 9']), ('J1', ['LED_R 1 to 8']), ('J5', ['LED_R 1 to 11'])]
02-17 15:48:26 com_github_MitjaNemec_ReplicateLayout.action_replicate_layout 495:Showing dialog
02-17 15:48:26 com_github_MitjaNemec_ReplicateLayout.replicate_layout 403:constructing a list of sheets suitable for replication on level:'LED_R 1 to 11', file:'LED_REGISTER.kicad_sch'
02-17 15:48:26 com_github_MitjaNemec_ReplicateLayout.replicate_layout 440:suitable sheets are:[['LED_R 1 to 10'], ['LED_R 1 to 8'], ['LED_R 1 to 9']]
02-17 15:48:26 com_github_MitjaNemec_ReplicateLayout.replicate_layout 1411:Level selected: ['LED_R 1 to 11']
02-17 15:48:26 com_github_MitjaNemec_ReplicateLayout.replicate_layout 1246:Filtering list of tracks
02-17 15:48:26 com_github_MitjaNemec_ReplicateLayout.action_replicate_layout 501:Toolbar position: wx.Point(1694, 100)
02-17 15:48:26 com_github_MitjaNemec_ReplicateLayout.action_replicate_layout 506:Dialog position: wx.Point(1332, 100)
02-17 15:48:34 com_github_MitjaNemec_ReplicateLayout.replicate_layout 403:constructing a list of sheets suitable for replication on level:'LED_R 1 to 11', file:'LED_REGISTER.kicad_sch'
02-17 15:48:34 com_github_MitjaNemec_ReplicateLayout.replicate_layout 440:suitable sheets are:[['LED_R 1 to 10'], ['LED_R 1 to 8'], ['LED_R 1 to 9']]
02-17 15:48:34 com_github_MitjaNemec_ReplicateLayout.replicate_layout 1411:Level selected: ['LED_R 1 to 11']
02-17 15:48:34 com_github_MitjaNemec_ReplicateLayout.replicate_layout 1246:Filtering list of tracks
02-17 15:48:35 com_github_MitjaNemec_ReplicateLayout.replicate_layout 403:constructing a list of sheets suitable for replication on level:'LED_R 1 to 11', file:'LED_REGISTER.kicad_sch'
02-17 15:48:35 com_github_MitjaNemec_ReplicateLayout.replicate_layout 440:suitable sheets are:[['LED_R 1 to 10'], ['LED_R 1 to 8'], ['LED_R 1 to 9']]
02-17 15:48:35 com_github_MitjaNemec_ReplicateLayout.replicate_layout 1411:Level selected: ['LED_R 1 to 11']
02-17 15:48:35 com_github_MitjaNemec_ReplicateLayout.replicate_layout 1246:Filtering list of tracks
02-17 15:48:36 com_github_MitjaNemec_ReplicateLayout.replicate_layout 403:constructing a list of sheets suitable for replication on level:'LED_R 1 to 11', file:'LED_REGISTER.kicad_sch'
02-17 15:48:36 com_github_MitjaNemec_ReplicateLayout.replicate_layout 440:suitable sheets are:[['LED_R 1 to 10'], ['LED_R 1 to 8'], ['LED_R 1 to 9']]
02-17 15:48:36 com_github_MitjaNemec_ReplicateLayout.replicate_layout 1411:Level selected: ['LED_R 1 to 11']
02-17 15:48:36 com_github_MitjaNemec_ReplicateLayout.replicate_layout 1246:Filtering list of tracks
02-17 15:48:37 com_github_MitjaNemec_ReplicateLayout.replicate_layout 403:constructing a list of sheets suitable for replication on level:'LED_R 1 to 11', file:'LED_REGISTER.kicad_sch'
02-17 15:48:37 com_github_MitjaNemec_ReplicateLayout.replicate_layout 440:suitable sheets are:[['LED_R 1 to 10'], ['LED_R 1 to 8'], ['LED_R 1 to 9']]
02-17 15:48:37 com_github_MitjaNemec_ReplicateLayout.replicate_layout 1411:Level selected: ['LED_R 1 to 11']
02-17 15:48:37 com_github_MitjaNemec_ReplicateLayout.replicate_layout 1246:Filtering list of tracks
02-17 15:48:38 com_github_MitjaNemec_ReplicateLayout.replicate_layout 403:constructing a list of sheets suitable for replication on level:'LED_R 1 to 11', file:'LED_REGISTER.kicad_sch'
02-17 15:48:38 com_github_MitjaNemec_ReplicateLayout.replicate_layout 440:suitable sheets are:[['LED_R 1 to 10'], ['LED_R 1 to 8'], ['LED_R 1 to 9']]
02-17 15:48:38 com_github_MitjaNemec_ReplicateLayout.replicate_layout 1411:Level selected: ['LED_R 1 to 11']
02-17 15:48:38 com_github_MitjaNemec_ReplicateLayout.replicate_layout 1246:Filtering list of tracks
02-17 15:48:43 com_github_MitjaNemec_ReplicateLayout.replicate_layout 403:constructing a list of sheets suitable for replication on level:'LED_R 1 to 11', file:'LED_REGISTER.kicad_sch'
02-17 15:48:43 com_github_MitjaNemec_ReplicateLayout.replicate_layout 440:suitable sheets are:[['LED_R 1 to 10'], ['LED_R 1 to 8'], ['LED_R 1 to 9']]
02-17 15:48:43 com_github_MitjaNemec_ReplicateLayout.action_replicate_layout 248:Replicating layout
02-17 15:48:43 com_github_MitjaNemec_ReplicateLayout.replicate_layout 239:Starting replication of sheets: [['LED_R 1 to 10'], ['LED_R 1 to 8'], ['LED_R 1 to 9']]
on level: ['LED_R 1 to 11']
with tracks=True, zone=True, text=True, text=True, intersecting=False, remove=False, locked footprints=False, group_only=False
02-17 15:48:43 root 340:updating GUI message: 'Preparing for replication'
02-17 15:48:43 root 345:updating GUI with: 0
02-17 15:48:43 com_github_MitjaNemec_ReplicateLayout.replicate_layout 309:Getting the list of source footprints
02-17 15:48:43 root 345:updating GUI with: 0
02-17 15:48:43 com_github_MitjaNemec_ReplicateLayout.replicate_layout 319:Getting the list of all the remaining footprints
02-17 15:48:43 com_github_MitjaNemec_ReplicateLayout.replicate_layout 326:Getting source tracks
02-17 15:48:43 com_github_MitjaNemec_ReplicateLayout.replicate_layout 1246:Filtering list of tracks
02-17 15:48:43 com_github_MitjaNemec_ReplicateLayout.replicate_layout 330:Getting source zones
02-17 15:48:43 com_github_MitjaNemec_ReplicateLayout.replicate_layout 334:Getting source text items
02-17 15:48:43 com_github_MitjaNemec_ReplicateLayout.replicate_layout 338:Getting source drawing items
02-17 15:48:43 root 340:updating GUI message: 'Replicating footprints'
02-17 15:48:43 com_github_MitjaNemec_ReplicateLayout.replicate_layout 754:Replicating footprints
02-17 15:48:43 com_github_MitjaNemec_ReplicateLayout.replicate_layout 761:Replicating footprints on sheet ['LED_R 1 to 10']
02-17 15:48:43 com_github_MitjaNemec_ReplicateLayout.replicate_layout 761:Replicating footprints on sheet ['LED_R 1 to 8']
02-17 15:48:43 root 345:updating GUI with: 41
02-17 15:48:43 com_github_MitjaNemec_ReplicateLayout.replicate_layout 761:Replicating footprints on sheet ['LED_R 1 to 9']
02-17 15:48:43 root 340:updating GUI message: 'Replicating tracks'
02-17 15:48:43 com_github_MitjaNemec_ReplicateLayout.replicate_layout 924:Replicating tracks
02-17 15:48:43 root 345:updating GUI with: 0
02-17 15:48:43 com_github_MitjaNemec_ReplicateLayout.replicate_layout 930:Replicating tracks on sheet ['LED_R 1 to 10']
02-17 15:48:43 com_github_MitjaNemec_ReplicateLayout.replicate_layout 749:Net pairs for sheet ['LED_R 1 to 10'] :[('Net-(U6-B4)', 'Net-(U9-B4)'), ('/LED_R 1 to 11/LED_R_4', '/LED_R 1 to 10/LED_R_4'), ('/LED_R 1 to 11/LED_B_4', '/LED_R 1 to 10/LED_B_4'), ('Net-(U6-B1)', 'Net-(U9-B1)'), ('/LED_R 1 to 11/LED_B_3', '/LED_R 1 to 10/LED_B_3'), ('Net-(J5-Pin_2)', 'Net-(J6-Pin_2)'), ('/LED_R 1 to 10/SRLCK_IN', '/LED_R 1 to 10/SRLCK_IN'), ('Net-(U6-B3)', 'Net-(U9-B3)'), ('GND', 'GND'), ('Net-(J22-Pin_2)', 'Net-(J30-Pin_2)'), ('Net-(J29-Pin_2)', 'Net-(J34-Pin_2)'), ('/LED_R 1 to 11/LED_B_1', '/LED_R 1 to 10/LED_B_1'), ('/LED_GPIO_24', '/LED_GPIO_32'), ('/LED_R 1 to 11/LED_R_7', '/LED_R 1 to 10/LED_R_7'), ('Net-(J26-Pin_2)', 'Net-(J31-Pin_2)'), ('/LED_R 1 to 11/LED_B_2', '/LED_R 1 to 10/LED_B_2'), ('/LED_R 1 to 11/LED_B_7', '/LED_R 1 to 10/LED_B_7'), ('Net-(J14-Pin_2)', 'Net-(J16-Pin_2)'), ('/LED_R 1 to 11/LED_B_8', '/LED_R 1 to 10/LED_B_8'), ('/LED_GPIO_22', '/LED_GPIO_30'), ('Net-(J13-Pin_2)', 'Net-(J15-Pin_2)'), ('Net-(U6-B2)', 'Net-(U9-B2)'), ('/LED_GPIO_18', '/LED_GPIO_26'), ('Net-(J28-Pin_2)', 'Net-(J33-Pin_2)'), ('Net-(J27-Pin_2)', 'Net-(J32-Pin_2)'), ('/LED_R 1 to 10/RCLK_IN', '/LED_R 1 to 10/RCLK_IN'), ('/LED_R 1 to 11/LED_R_6', '/LED_R 1 to 10/LED_R_6'), ('/LED_R 1 to 11/LED_R_2', '/LED_R 1 to 10/LED_R_2'), ('/LED_R 1 to 11/LED_B_5', '/LED_R 1 to 10/LED_B_5'), ('/LED_GPIO_20', '/LED_GPIO_28'), ('/LED_R 1 to 11/LED_B_6', '/LED_R 1 to 10/LED_B_6'), ('Net-(U6-B6)', 'Net-(U9-B6)'), ('/LED_GPIO_23', '/LED_GPIO_31'), ('Net-(U6-B5)', 'Net-(U9-B5)'), ('/LED_GPIO_21', '/LED_GPIO_29'), ('/LED_R 1 to 11/LED_R_1', '/LED_R 1 to 10/LED_R_1'), ('', ''), ('/LED_GPIO_19', '/LED_GPIO_27'), ('+12V', '+12V'), ('Net-(U6-B0)', 'Net-(U9-B0)'), ('/LED_R 1 to 11/LED_R_8', '/LED_R 1 to 10/LED_R_8'), ('Net-(U6-B7)', 'Net-(U9-B7)'), ('/LED_GPIO_17', '/LED_GPIO_25'), ('+5V', '+5V'), ('/LED_R 1 to 11/LED_R_3', '/LED_R 1 to 10/LED_R_3'), ('/LED_R 1 to 10/SER_IN', '/LED_R 1 to 10/SER_OUT'), ('/LED_R 1 to 11/SER_IN', '/LED_R 1 to 10/SER_IN'), ('/LED_R 1 to 11/LED_R_5', '/LED_R 1 to 10/LED_R_5')]
02-17 15:48:43 com_github_MitjaNemec_ReplicateLayout.replicate_layout 930:Replicating tracks on sheet ['LED_R 1 to 8']
02-17 15:48:43 com_github_MitjaNemec_ReplicateLayout.replicate_layout 733:Cannot pair src net: ['', 'LED_R 1 to 10', 'SRLCK_IN'] and dst net: ['', 'SER_OUT'], with src_net_depth=3, dst_net_depth=2, src_fp_depth=1, dst_fp_depth=1
02-17 15:48:43 com_github_MitjaNemec_ReplicateLayout.replicate_layout 733:Cannot pair src net: ['', 'LED_R 1 to 10', 'RCLK_IN'] and dst net: ['', 'RCLK'], with src_net_depth=3, dst_net_depth=2, src_fp_depth=1, dst_fp_depth=1
02-17 15:48:43 com_github_MitjaNemec_ReplicateLayout.replicate_layout 733:Cannot pair src net: ['', 'LED_R 1 to 11', 'SER_IN'] and dst net: ['', 'SRCLK'], with src_net_depth=3, dst_net_depth=2, src_fp_depth=1, dst_fp_depth=1
02-17 15:48:43 com_github_MitjaNemec_ReplicateLayout.replicate_layout 733:Cannot pair src net: ['', 'LED_R 1 to 10', 'SER_IN'] and dst net: ['', 'LED_R 1 to 8', 'SER_OUT'], with src_net_depth=3, dst_net_depth=3, src_fp_depth=1, dst_fp_depth=1
02-17 15:48:43 com_github_MitjaNemec_ReplicateLayout.replicate_layout 749:Net pairs for sheet ['LED_R 1 to 8'] :[('/LED_GPIO_23', '/LED_GPIO_7'), ('/LED_R 1 to 11/LED_R_5', '/LED_R 1 to 8/LED_R_5'), ('/LED_R 1 to 11/LED_B_3', '/LED_R 1 to 8/LED_B_3'), ('/LED_GPIO_22', '/LED_GPIO_6'), ('/LED_GPIO_17', '/LED_GPIO_1'), ('Net-(U6-B0)', 'Net-(U7-B0)'), ('Net-(U6-B2)', 'Net-(U7-B2)'), ('Net-(U6-B3)', 'Net-(U7-B3)'), ('/LED_R 1 to 11/LED_R_4', '/LED_R 1 to 8/LED_R_4'), ('Net-(J27-Pin_2)', 'Net-(J18-Pin_2)'), ('/LED_R 1 to 11/LED_R_6', '/LED_R 1 to 8/LED_R_6'), ('Net-(U6-B1)', 'Net-(U7-B1)'), ('/LED_R 1 to 11/LED_R_7', '/LED_R 1 to 8/LED_R_7'), ('GND', 'GND'), ('/LED_R 1 to 11/LED_B_5', '/LED_R 1 to 8/LED_B_5'), ('/LED_GPIO_21', '/LED_GPIO_5'), ('Net-(J26-Pin_2)', 'Net-(J17-Pin_2)'), ('Net-(U6-B6)', 'Net-(U7-B6)'), ('Net-(U6-B4)', 'Net-(U7-B4)'), ('/LED_R 1 to 11/LED_B_1', '/LED_R 1 to 8/LED_B_1'), ('Net-(J5-Pin_2)', 'Net-(J1-Pin_2)'), ('/LED_R 1 to 11/LED_R_1', '/LED_R 1 to 8/LED_R_1'), ('/LED_R 1 to 11/LED_R_3', '/LED_R 1 to 8/LED_R_3'), ('/LED_R 1 to 11/LED_R_2', '/LED_R 1 to 8/LED_R_2'), ('/LED_R 1 to 11/LED_B_4', '/LED_R 1 to 8/LED_B_4'), ('Net-(J14-Pin_2)', 'Net-(J9-Pin_2)'), ('/LED_GPIO_19', '/LED_GPIO_3'), ('/LED_R 1 to 11/LED_B_7', '/LED_R 1 to 8/LED_B_7'), ('/LED_GPIO_24', '/LED_GPIO_8'), ('Net-(J28-Pin_2)', 'Net-(J19-Pin_2)'), ('Net-(J13-Pin_2)', 'Net-(J8-Pin_2)'), ('Net-(U6-B7)', 'Net-(U7-B7)'), ('/LED_GPIO_18', '/LED_GPIO_2'), ('', ''), ('+12V', '+12V'), ('/LED_R 1 to 11/LED_B_6', '/LED_R 1 to 8/LED_B_6'), ('Net-(J22-Pin_2)', 'Net-(J10-Pin_2)'), ('/LED_GPIO_20', '/LED_GPIO_4'), ('/LED_R 1 to 11/LED_B_8', '/LED_R 1 to 8/LED_B_8'), ('Net-(J29-Pin_2)', 'Net-(J20-Pin_2)'), ('+5V', '+5V'), ('/LED_R 1 to 11/LED_R_8', '/LED_R 1 to 8/LED_R_8'), ('Net-(U6-B5)', 'Net-(U7-B5)'), ('/LED_R 1 to 11/LED_B_2', '/LED_R 1 to 8/LED_B_2')]
02-17 15:48:43 com_github_MitjaNemec_ReplicateLayout.replicate_layout 930:Replicating tracks on sheet ['LED_R 1 to 9']
02-17 15:48:43 com_github_MitjaNemec_ReplicateLayout.replicate_layout 733:Cannot pair src net: ['', 'LED_R 1 to 11', 'SER_IN'] and dst net: ['', 'LED_R 1 to 8', 'SER_OUT'], with src_net_depth=3, dst_net_depth=3, src_fp_depth=1, dst_fp_depth=1
02-17 15:48:43 com_github_MitjaNemec_ReplicateLayout.replicate_layout 749:Net pairs for sheet ['LED_R 1 to 9'] :[('/LED_GPIO_23', '/LED_GPIO_15'), ('/LED_R 1 to 11/LED_R_6', '/LED_R 1 to 9/LED_R_6'), ('/LED_GPIO_24', '/LED_GPIO_16'), ('/LED_R 1 to 11/LED_R_3', '/LED_R 1 to 9/LED_R_3'), ('/LED_R 1 to 11/LED_R_4', '/LED_R 1 to 9/LED_R_4'), ('Net-(J28-Pin_2)', 'Net-(J24-Pin_2)'), ('/LED_R 1 to 11/LED_B_4', '/LED_R 1 to 9/LED_B_4'), ('/LED_R 1 to 11/LED_R_5', '/LED_R 1 to 9/LED_R_5'), ('/LED_GPIO_18', '/LED_GPIO_10'), ('/LED_GPIO_22', '/LED_GPIO_14'), ('/LED_R 1 to 10/RCLK_IN', '/LED_R 1 to 11/RCLK_IN'), ('Net-(U6-B1)', 'Net-(U4-B1)'), ('GND', 'GND'), ('/LED_GPIO_21', '/LED_GPIO_13'), ('/LED_R 1 to 11/LED_R_1', '/LED_R 1 to 9/LED_R_1'), ('/LED_R 1 to 11/LED_B_2', '/LED_R 1 to 9/LED_B_2'), ('/LED_R 1 to 11/LED_B_1', '/LED_R 1 to 9/LED_B_1'), ('Net-(U6-B2)', 'Net-(U4-B2)'), ('Net-(J26-Pin_2)', 'Net-(J21-Pin_2)'), ('/LED_R 1 to 10/SRLCK_IN', '/LED_R 1 to 11/SRLCK_IN'), ('/LED_R 1 to 10/SER_IN', '/LED_R 1 to 11/SER_IN'), ('Net-(U6-B0)', 'Net-(U4-B0)'), ('/LED_R 1 to 11/LED_B_3', '/LED_R 1 to 9/LED_B_3'), ('/LED_GPIO_19', '/LED_GPIO_11'), ('/LED_R 1 to 11/LED_B_6', '/LED_R 1 to 9/LED_B_6'), ('Net-(J14-Pin_2)', 'Net-(J12-Pin_2)'), ('Net-(J5-Pin_2)', 'Net-(J3-Pin_2)'), ('Net-(U6-B4)', 'Net-(U4-B4)'), ('Net-(J29-Pin_2)', 'Net-(J25-Pin_2)'), ('Net-(J22-Pin_2)', 'Net-(J7-Pin_2)'), ('/LED_R 1 to 11/LED_B_8', '/LED_R 1 to 9/LED_B_8'), ('Net-(J13-Pin_2)', 'Net-(J11-Pin_2)'), ('/LED_R 1 to 11/LED_R_8', '/LED_R 1 to 9/LED_R_8'), ('/LED_R 1 to 11/LED_R_2', '/LED_R 1 to 9/LED_R_2'), ('Net-(U6-B5)', 'Net-(U4-B5)'), ('/LED_GPIO_17', '/LED_GPIO_9'), ('Net-(U6-B7)', 'Net-(U4-B7)'), ('/LED_R 1 to 11/LED_B_5', '/LED_R 1 to 9/LED_B_5'), ('Net-(U6-B3)', 'Net-(U4-B3)'), ('', ''), ('/LED_R 1 to 11/LED_R_7', '/LED_R 1 to 9/LED_R_7'), ('+12V', '+12V'), ('Net-(U6-B6)', 'Net-(U4-B6)'), ('/LED_GPIO_20', '/LED_GPIO_12'), ('+5V', '+5V'), ('/LED_R 1 to 11/LED_B_7', '/LED_R 1 to 9/LED_B_7'), ('Net-(J27-Pin_2)', 'Net-(J23-Pin_2)')]
02-17 15:48:43 root 340:updating GUI message: 'Replicating zones'
02-17 15:48:43 com_github_MitjaNemec_ReplicateLayout.replicate_layout 994:Replicating zones
02-17 15:48:43 com_github_MitjaNemec_ReplicateLayout.replicate_layout 1001:Replicating zones on sheet ['LED_R 1 to 10']
02-17 15:48:43 com_github_MitjaNemec_ReplicateLayout.replicate_layout 749:Net pairs for sheet ['LED_R 1 to 10'] :[('Net-(U6-B4)', 'Net-(U9-B4)'), ('/LED_R 1 to 11/LED_R_4', '/LED_R 1 to 10/LED_R_4'), ('/LED_R 1 to 11/LED_B_4', '/LED_R 1 to 10/LED_B_4'), ('Net-(U6-B1)', 'Net-(U9-B1)'), ('/LED_R 1 to 11/LED_B_3', '/LED_R 1 to 10/LED_B_3'), ('Net-(J5-Pin_2)', 'Net-(J6-Pin_2)'), ('/LED_R 1 to 10/SRLCK_IN', '/LED_R 1 to 10/SRLCK_IN'), ('Net-(U6-B3)', 'Net-(U9-B3)'), ('GND', 'GND'), ('Net-(J22-Pin_2)', 'Net-(J30-Pin_2)'), ('Net-(J29-Pin_2)', 'Net-(J34-Pin_2)'), ('/LED_R 1 to 11/LED_B_1', '/LED_R 1 to 10/LED_B_1'), ('/LED_GPIO_24', '/LED_GPIO_32'), ('/LED_R 1 to 11/LED_R_7', '/LED_R 1 to 10/LED_R_7'), ('Net-(J26-Pin_2)', 'Net-(J31-Pin_2)'), ('/LED_R 1 to 11/LED_B_2', '/LED_R 1 to 10/LED_B_2'), ('/LED_R 1 to 11/LED_B_7', '/LED_R 1 to 10/LED_B_7'), ('Net-(J14-Pin_2)', 'Net-(J16-Pin_2)'), ('/LED_R 1 to 11/LED_B_8', '/LED_R 1 to 10/LED_B_8'), ('/LED_GPIO_22', '/LED_GPIO_30'), ('Net-(J13-Pin_2)', 'Net-(J15-Pin_2)'), ('Net-(U6-B2)', 'Net-(U9-B2)'), ('/LED_GPIO_18', '/LED_GPIO_26'), ('Net-(J28-Pin_2)', 'Net-(J33-Pin_2)'), ('Net-(J27-Pin_2)', 'Net-(J32-Pin_2)'), ('/LED_R 1 to 10/RCLK_IN', '/LED_R 1 to 10/RCLK_IN'), ('/LED_R 1 to 11/LED_R_6', '/LED_R 1 to 10/LED_R_6'), ('/LED_R 1 to 11/LED_R_2', '/LED_R 1 to 10/LED_R_2'), ('/LED_R 1 to 11/LED_B_5', '/LED_R 1 to 10/LED_B_5'), ('/LED_GPIO_20', '/LED_GPIO_28'), ('/LED_R 1 to 11/LED_B_6', '/LED_R 1 to 10/LED_B_6'), ('Net-(U6-B6)', 'Net-(U9-B6)'), ('/LED_GPIO_23', '/LED_GPIO_31'), ('Net-(U6-B5)', 'Net-(U9-B5)'), ('/LED_GPIO_21', '/LED_GPIO_29'), ('/LED_R 1 to 11/LED_R_1', '/LED_R 1 to 10/LED_R_1'), ('', ''), ('/LED_GPIO_19', '/LED_GPIO_27'), ('+12V', '+12V'), ('Net-(U6-B0)', 'Net-(U9-B0)'), ('/LED_R 1 to 11/LED_R_8', '/LED_R 1 to 10/LED_R_8'), ('Net-(U6-B7)', 'Net-(U9-B7)'), ('/LED_GPIO_17', '/LED_GPIO_25'), ('+5V', '+5V'), ('/LED_R 1 to 11/LED_R_3', '/LED_R 1 to 10/LED_R_3'), ('/LED_R 1 to 10/SER_IN', '/LED_R 1 to 10/SER_OUT'), ('/LED_R 1 to 11/SER_IN', '/LED_R 1 to 10/SER_IN'), ('/LED_R 1 to 11/LED_R_5', '/LED_R 1 to 10/LED_R_5')]
02-17 15:48:43 com_github_MitjaNemec_ReplicateLayout.replicate_layout 1001:Replicating zones on sheet ['LED_R 1 to 8']
02-17 15:48:43 com_github_MitjaNemec_ReplicateLayout.replicate_layout 733:Cannot pair src net: ['', 'LED_R 1 to 10', 'SRLCK_IN'] and dst net: ['', 'SER_OUT'], with src_net_depth=3, dst_net_depth=2, src_fp_depth=1, dst_fp_depth=1
02-17 15:48:43 com_github_MitjaNemec_ReplicateLayout.replicate_layout 733:Cannot pair src net: ['', 'LED_R 1 to 10', 'RCLK_IN'] and dst net: ['', 'RCLK'], with src_net_depth=3, dst_net_depth=2, src_fp_depth=1, dst_fp_depth=1
02-17 15:48:43 com_github_MitjaNemec_ReplicateLayout.replicate_layout 733:Cannot pair src net: ['', 'LED_R 1 to 11', 'SER_IN'] and dst net: ['', 'SRCLK'], with src_net_depth=3, dst_net_depth=2, src_fp_depth=1, dst_fp_depth=1
02-17 15:48:43 com_github_MitjaNemec_ReplicateLayout.replicate_layout 733:Cannot pair src net: ['', 'LED_R 1 to 10', 'SER_IN'] and dst net: ['', 'LED_R 1 to 8', 'SER_OUT'], with src_net_depth=3, dst_net_depth=3, src_fp_depth=1, dst_fp_depth=1
02-17 15:48:43 com_github_MitjaNemec_ReplicateLayout.replicate_layout 749:Net pairs for sheet ['LED_R 1 to 8'] :[('/LED_GPIO_23', '/LED_GPIO_7'), ('/LED_R 1 to 11/LED_R_5', '/LED_R 1 to 8/LED_R_5'), ('/LED_R 1 to 11/LED_B_3', '/LED_R 1 to 8/LED_B_3'), ('/LED_GPIO_22', '/LED_GPIO_6'), ('/LED_GPIO_17', '/LED_GPIO_1'), ('Net-(U6-B0)', 'Net-(U7-B0)'), ('Net-(U6-B2)', 'Net-(U7-B2)'), ('Net-(U6-B3)', 'Net-(U7-B3)'), ('/LED_R 1 to 11/LED_R_4', '/LED_R 1 to 8/LED_R_4'), ('Net-(J27-Pin_2)', 'Net-(J18-Pin_2)'), ('/LED_R 1 to 11/LED_R_6', '/LED_R 1 to 8/LED_R_6'), ('Net-(U6-B1)', 'Net-(U7-B1)'), ('/LED_R 1 to 11/LED_R_7', '/LED_R 1 to 8/LED_R_7'), ('GND', 'GND'), ('/LED_R 1 to 11/LED_B_5', '/LED_R 1 to 8/LED_B_5'), ('/LED_GPIO_21', '/LED_GPIO_5'), ('Net-(J26-Pin_2)', 'Net-(J17-Pin_2)'), ('Net-(U6-B6)', 'Net-(U7-B6)'), ('Net-(U6-B4)', 'Net-(U7-B4)'), ('/LED_R 1 to 11/LED_B_1', '/LED_R 1 to 8/LED_B_1'), ('Net-(J5-Pin_2)', 'Net-(J1-Pin_2)'), ('/LED_R 1 to 11/LED_R_1', '/LED_R 1 to 8/LED_R_1'), ('/LED_R 1 to 11/LED_R_3', '/LED_R 1 to 8/LED_R_3'), ('/LED_R 1 to 11/LED_R_2', '/LED_R 1 to 8/LED_R_2'), ('/LED_R 1 to 11/LED_B_4', '/LED_R 1 to 8/LED_B_4'), ('Net-(J14-Pin_2)', 'Net-(J9-Pin_2)'), ('/LED_GPIO_19', '/LED_GPIO_3'), ('/LED_R 1 to 11/LED_B_7', '/LED_R 1 to 8/LED_B_7'), ('/LED_GPIO_24', '/LED_GPIO_8'), ('Net-(J28-Pin_2)', 'Net-(J19-Pin_2)'), ('Net-(J13-Pin_2)', 'Net-(J8-Pin_2)'), ('Net-(U6-B7)', 'Net-(U7-B7)'), ('/LED_GPIO_18', '/LED_GPIO_2'), ('', ''), ('+12V', '+12V'), ('/LED_R 1 to 11/LED_B_6', '/LED_R 1 to 8/LED_B_6'), ('Net-(J22-Pin_2)', 'Net-(J10-Pin_2)'), ('/LED_GPIO_20', '/LED_GPIO_4'), ('/LED_R 1 to 11/LED_B_8', '/LED_R 1 to 8/LED_B_8'), ('Net-(J29-Pin_2)', 'Net-(J20-Pin_2)'), ('+5V', '+5V'), ('/LED_R 1 to 11/LED_R_8', '/LED_R 1 to 8/LED_R_8'), ('Net-(U6-B5)', 'Net-(U7-B5)'), ('/LED_R 1 to 11/LED_B_2', '/LED_R 1 to 8/LED_B_2')]
02-17 15:48:43 com_github_MitjaNemec_ReplicateLayout.replicate_layout 1001:Replicating zones on sheet ['LED_R 1 to 9']
02-17 15:48:43 com_github_MitjaNemec_ReplicateLayout.replicate_layout 733:Cannot pair src net: ['', 'LED_R 1 to 11', 'SER_IN'] and dst net: ['', 'LED_R 1 to 8', 'SER_OUT'], with src_net_depth=3, dst_net_depth=3, src_fp_depth=1, dst_fp_depth=1
02-17 15:48:43 com_github_MitjaNemec_ReplicateLayout.replicate_layout 749:Net pairs for sheet ['LED_R 1 to 9'] :[('/LED_GPIO_23', '/LED_GPIO_15'), ('/LED_R 1 to 11/LED_R_6', '/LED_R 1 to 9/LED_R_6'), ('/LED_GPIO_24', '/LED_GPIO_16'), ('/LED_R 1 to 11/LED_R_3', '/LED_R 1 to 9/LED_R_3'), ('/LED_R 1 to 11/LED_R_4', '/LED_R 1 to 9/LED_R_4'), ('Net-(J28-Pin_2)', 'Net-(J24-Pin_2)'), ('/LED_R 1 to 11/LED_B_4', '/LED_R 1 to 9/LED_B_4'), ('/LED_R 1 to 11/LED_R_5', '/LED_R 1 to 9/LED_R_5'), ('/LED_GPIO_18', '/LED_GPIO_10'), ('/LED_GPIO_22', '/LED_GPIO_14'), ('/LED_R 1 to 10/RCLK_IN', '/LED_R 1 to 11/RCLK_IN'), ('Net-(U6-B1)', 'Net-(U4-B1)'), ('GND', 'GND'), ('/LED_GPIO_21', '/LED_GPIO_13'), ('/LED_R 1 to 11/LED_R_1', '/LED_R 1 to 9/LED_R_1'), ('/LED_R 1 to 11/LED_B_2', '/LED_R 1 to 9/LED_B_2'), ('/LED_R 1 to 11/LED_B_1', '/LED_R 1 to 9/LED_B_1'), ('Net-(U6-B2)', 'Net-(U4-B2)'), ('Net-(J26-Pin_2)', 'Net-(J21-Pin_2)'), ('/LED_R 1 to 10/SRLCK_IN', '/LED_R 1 to 11/SRLCK_IN'), ('/LED_R 1 to 10/SER_IN', '/LED_R 1 to 11/SER_IN'), ('Net-(U6-B0)', 'Net-(U4-B0)'), ('/LED_R 1 to 11/LED_B_3', '/LED_R 1 to 9/LED_B_3'), ('/LED_GPIO_19', '/LED_GPIO_11'), ('/LED_R 1 to 11/LED_B_6', '/LED_R 1 to 9/LED_B_6'), ('Net-(J14-Pin_2)', 'Net-(J12-Pin_2)'), ('Net-(J5-Pin_2)', 'Net-(J3-Pin_2)'), ('Net-(U6-B4)', 'Net-(U4-B4)'), ('Net-(J29-Pin_2)', 'Net-(J25-Pin_2)'), ('Net-(J22-Pin_2)', 'Net-(J7-Pin_2)'), ('/LED_R 1 to 11/LED_B_8', '/LED_R 1 to 9/LED_B_8'), ('Net-(J13-Pin_2)', 'Net-(J11-Pin_2)'), ('/LED_R 1 to 11/LED_R_8', '/LED_R 1 to 9/LED_R_8'), ('/LED_R 1 to 11/LED_R_2', '/LED_R 1 to 9/LED_R_2'), ('Net-(U6-B5)', 'Net-(U4-B5)'), ('/LED_GPIO_17', '/LED_GPIO_9'), ('Net-(U6-B7)', 'Net-(U4-B7)'), ('/LED_R 1 to 11/LED_B_5', '/LED_R 1 to 9/LED_B_5'), ('Net-(U6-B3)', 'Net-(U4-B3)'), ('', ''), ('/LED_R 1 to 11/LED_R_7', '/LED_R 1 to 9/LED_R_7'), ('+12V', '+12V'), ('Net-(U6-B6)', 'Net-(U4-B6)'), ('/LED_GPIO_20', '/LED_GPIO_12'), ('+5V', '+5V'), ('/LED_R 1 to 11/LED_B_7', '/LED_R 1 to 9/LED_B_7'), ('Net-(J27-Pin_2)', 'Net-(J23-Pin_2)')]
02-17 15:48:43 root 340:updating GUI message: 'Replicating text'
02-17 15:48:43 com_github_MitjaNemec_ReplicateLayout.replicate_layout 1083:Replicating text
02-17 15:48:43 com_github_MitjaNemec_ReplicateLayout.replicate_layout 1090:Replicating text on sheet ['LED_R 1 to 10']
02-17 15:48:43 com_github_MitjaNemec_ReplicateLayout.replicate_layout 1090:Replicating text on sheet ['LED_R 1 to 8']
02-17 15:48:43 com_github_MitjaNemec_ReplicateLayout.replicate_layout 1090:Replicating text on sheet ['LED_R 1 to 9']
02-17 15:48:43 root 340:updating GUI message: 'Replicating drawings'
02-17 15:48:43 com_github_MitjaNemec_ReplicateLayout.replicate_layout 1134:Replicating drawings
02-17 15:48:43 com_github_MitjaNemec_ReplicateLayout.replicate_layout 1140:Replicating drawings on sheet ['LED_R 1 to 10']
02-17 15:48:43 com_github_MitjaNemec_ReplicateLayout.replicate_layout 1140:Replicating drawings on sheet ['LED_R 1 to 8']
02-17 15:48:43 com_github_MitjaNemec_ReplicateLayout.replicate_layout 1140:Replicating drawings on sheet ['LED_R 1 to 9']
02-17 15:48:43 com_github_MitjaNemec_ReplicateLayout.action_replicate_layout 264:Replication complete
02-17 15:48:43 com_github_MitjaNemec_ReplicateLayout.action_replicate_layout 267:Letting the user know there are some issues with replicated design
02-17 15:48:43 com_github_MitjaNemec_ReplicateLayout.action_replicate_layout 271:Looks like the design has an exotic connectivity that is not supported by the plugin
 Make sure that you check the connectivity around:
Footprint U2, pad 14
Footprint U3, pad 12
Footprint U3, pad 11
Footprint U3, pad 9
Footprint U3, pad 14

